e:\project\littlepandafs\littlepandafilesystem\littlepandafilesystem\x64\debug\littlepandafilesystem.pch
e:\project\littlepandafs\littlepandafilesystem\littlepandafilesystem\x64\debug\vc141.pdb
e:\project\littlepandafs\littlepandafilesystem\littlepandafilesystem\x64\debug\vc141.idb
e:\project\littlepandafs\littlepandafilesystem\littlepandafilesystem\x64\debug\stdafx.obj
e:\project\littlepandafs\littlepandafilesystem\littlepandafilesystem\x64\debug\littlepandafilesystem.obj
e:\project\littlepandafs\littlepandafilesystem\x64\debug\littlepandafilesystem.ilk
e:\project\littlepandafs\littlepandafilesystem\x64\debug\littlepandafilesystem.exe
e:\project\littlepandafs\littlepandafilesystem\x64\debug\littlepandafilesystem.pdb
e:\project\littlepandafilesystem\littlepandafilesystem\x64\debug\littlepandafilesystem.obj
e:\project\littlepandafilesystem\littlepandafilesystem\x64\debug\stdafx.obj
e:\project\littlepandafilesystem\littlepandafilesystem\x64\debug\littlepandafilesystem.pch
e:\project\littlepandafilesystem\littlepandafilesystem\x64\debug\vc141.idb
e:\project\littlepandafilesystem\littlepandafilesystem\x64\debug\vc141.pdb
e:\project\littlepandafilesystem\x64\debug\littlepandafilesystem.pdb
e:\project\littlepandafilesystem\x64\debug\littlepandafilesystem.exe
e:\project\littlepandafilesystem\x64\debug\littlepandafilesystem.ilk
e:\project\littlepandafilesystem\littlepandafilesystem\x64\debug\littlepa.a13c07ab.tlog\cl.command.1.tlog
e:\project\littlepandafilesystem\littlepandafilesystem\x64\debug\littlepa.a13c07ab.tlog\cl.read.1.tlog
e:\project\littlepandafilesystem\littlepandafilesystem\x64\debug\littlepa.a13c07ab.tlog\cl.write.1.tlog
e:\project\littlepandafilesystem\littlepandafilesystem\x64\debug\littlepa.a13c07ab.tlog\link.command.1.tlog
e:\project\littlepandafilesystem\littlepandafilesystem\x64\debug\littlepa.a13c07ab.tlog\link.read.1.tlog
e:\project\littlepandafilesystem\littlepandafilesystem\x64\debug\littlepa.a13c07ab.tlog\link.write.1.tlog
